1615507017392	geckodriver	INFO	Listening on 127.0.0.1:34377
1615507017396	mozrunner::runner	INFO	Running command: "/usr/bin/firefox" "--marionette" "-foreground" "-no-remote" "-profile" "/tmp/rust_mozprofilevOeY1f"
console.warn: SearchSettings: "get: No settings file exists, new profile?" (new Error("", "(unknown module)"))
1615507019233	Marionette	INFO	Listening on port 42479
1615507019317	Marionette	WARN	TLS certificate errors will be ignored for this session
JavaScript error: resource://activity-stream/lib/ASRouter.jsm, line 988: NS_ERROR_ILLEGAL_VALUE: Component returned failure code: 0x80070057 (NS_ERROR_ILLEGAL_VALUE) [nsIObserverService.removeObserver]
1615507021851	Marionette	INFO	Stopped listening on port 42479

###!!! [Parent][RunMessage] Error: Channel closing: too late to send/recv, messages will be lost

1615507048509	geckodriver	INFO	Listening on 127.0.0.1:38525
1615507048513	mozrunner::runner	INFO	Running command: "/usr/bin/firefox" "--marionette" "-foreground" "-no-remote" "-profile" "/tmp/rust_mozprofile2Snprq"
console.warn: SearchSettings: "get: No settings file exists, new profile?" (new Error("", "(unknown module)"))
console.error: Region.jsm: "Error fetching region" (new TypeError("NetworkError when attempting to fetch resource.", ""))
console.error: Region.jsm: "Failed to fetch region" (new Error("NO_RESULT", "resource://gre/modules/Region.jsm", 422))
1615507050382	Marionette	INFO	Listening on port 33841
1615507050454	Marionette	WARN	TLS certificate errors will be ignored for this session
JavaScript error: http://mir.com/static/mir.min.js?v=2.1.0, line 10: ReferenceError: menusection is not defined
1615507141014	Marionette	INFO	Stopped listening on port 33841

###!!! [Parent][RunMessage] Error: Channel closing: too late to send/recv, messages will be lost

1615507235423	geckodriver	INFO	Listening on 127.0.0.1:39995
1615507235427	mozrunner::runner	INFO	Running command: "/usr/bin/firefox" "--marionette" "-foreground" "-no-remote" "-profile" "/tmp/rust_mozprofileXAOBtE"
console.warn: SearchSettings: "get: No settings file exists, new profile?" (new Error("", "(unknown module)"))
console.error: Region.jsm: "Error fetching region" (new TypeError("NetworkError when attempting to fetch resource.", ""))
console.error: Region.jsm: "Failed to fetch region" (new Error("NO_RESULT", "resource://gre/modules/Region.jsm", 422))
1615507237086	Marionette	INFO	Listening on port 42995
1615507237147	Marionette	WARN	TLS certificate errors will be ignored for this session
JavaScript error: http://mir.com/static/mir.min.js?v=2.1.0, line 10: ReferenceError: menusection is not defined
JavaScript error: http://mir.com/static/mir.min.js?v=2.1.0, line 10: TypeError: document.getElementById(...) is null
JavaScript error: http://mir.com/static/mir.min.js?v=2.1.0, line 10: TypeError: document.getElementById(...) is null
console.error: "Error writing request: getGrids"
JavaScript warning: https://www.softwaretestinghelp.com/wp-content/plugins/mtouch-quiz/script.js?ver=3.1.3, line 78: unreachable code after return statement
JavaScript error: resource://gre/modules/XULStore.jsm, line 66: Error: Can't find profile directory.
JavaScript error: https://tagan.adlightning.com/freestar/op.js, line 1: TypeError: can't redefine non-configurable property "op"
JavaScript error: resource://gre/actors/PictureInPictureChild.jsm, line 959: TypeError: state.hideToggleDeferredTask is null
JavaScript warning: https://www.softwaretestinghelp.com/wp-content/plugins/mtouch-quiz/script.js?ver=3.1.3, line 78: unreachable code after return statement
JavaScript error: resource://gre/actors/PictureInPictureChild.jsm, line 569: TypeError: this.contentWindow is null
JavaScript error: resource://gre/actors/PictureInPictureChild.jsm, line 225: InvalidStateError: JSWindowActorChild.document getter: Cannot access property 'document' after actor 'PictureInPictureToggle' has been destroyed
JavaScript error: https://live.sekindo.com/content/video/hls/hls.0.12.4_2.min.js, line 3: SecurityError: Permission denied to access property "performance" on cross-origin object
1615507556876	Marionette	WARN	Ignoring event 'pageshow' because document has an invalid readyState of 'uninitialized'.
JavaScript error: resource://gre/actors/PictureInPictureChild.jsm, line 299: InvalidStateError: JSWindowActorChild.contentWindow getter: Cannot access property 'contentWindow' after actor 'PictureInPictureToggle' has been destroyed
JavaScript error: resource://gre/actors/PictureInPictureChild.jsm, line 299: InvalidStateError: JSWindowActorChild.contentWindow getter: Cannot access property 'contentWindow' after actor 'PictureInPictureToggle' has been destroyed
console.log: WebExtensions: reset-default-search: No addons in our list are installed.
JavaScript error: resource://gre/actors/PictureInPictureChild.jsm, line 299: InvalidStateError: JSWindowActorChild.contentWindow getter: Cannot access property 'contentWindow' after actor 'PictureInPictureToggle' has been destroyed
JavaScript error: resource://gre/actors/PictureInPictureChild.jsm, line 299: InvalidStateError: JSWindowActorChild.contentWindow getter: Cannot access property 'contentWindow' after actor 'PictureInPictureToggle' has been destroyed
JavaScript error: resource://gre/actors/PictureInPictureChild.jsm, line 299: InvalidStateError: JSWindowActorChild.contentWindow getter: Cannot access property 'contentWindow' after actor 'PictureInPictureToggle' has been destroyed
JavaScript error: resource://gre/actors/PictureInPictureChild.jsm, line 299: InvalidStateError: JSWindowActorChild.contentWindow getter: Cannot access property 'contentWindow' after actor 'PictureInPictureToggle' has been destroyed
console.warn: LoginRecipes: "getRecipes: falling back to a synchronous message for:" "http://mir.com"
1615508585803	geckodriver	INFO	Listening on 127.0.0.1:50555
1615508585807	mozrunner::runner	INFO	Running command: "/usr/bin/firefox" "--marionette" "-foreground" "-no-remote" "-profile" "/tmp/rust_mozprofile7MghBX"
console.warn: SearchSettings: "get: No settings file exists, new profile?" (new Error("", "(unknown module)"))
console.error: Region.jsm: "Error fetching region" (new TypeError("NetworkError when attempting to fetch resource.", ""))
console.error: Region.jsm: "Failed to fetch region" (new Error("NO_RESULT", "resource://gre/modules/Region.jsm", 422))
1615508587356	Marionette	INFO	Listening on port 40233
1615508587426	Marionette	WARN	TLS certificate errors will be ignored for this session
JavaScript error: http://mir.com/static/mir.min.js?v=2.1.0, line 10: ReferenceError: menusection is not defined
JavaScript error: http://mir.com/static/mir.min.js?v=2.1.0, line 10: TypeError: document.getElementById(...) is null
JavaScript error: http://mir.com/static/mir.min.js?v=2.1.0, line 10: TypeError: document.getElementById(...) is null
JavaScript error: http://mir.com/static/mir.min.js?v=2.1.0, line 10: TypeError: document.getElementById(...) is null
JavaScript error: http://mir.com/static/mir.min.js?v=2.1.0, line 7: InvalidStateError: An attempt was made to use an object that is not, or is no longer, usable
JavaScript error: http://mir.com/static/mir.min.js?v=2.1.0, line 7: InvalidStateError: An attempt was made to use an object that is not, or is no longer, usable
JavaScript error: http://mir.com/static/mir.min.js?v=2.1.0, line 7: InvalidStateError: An attempt was made to use an object that is not, or is no longer, usable
JavaScript error: http://mir.com/static/mir.min.js?v=2.1.0, line 7: InvalidStateError: An attempt was made to use an object that is not, or is no longer, usable
JavaScript error: http://mir.com/static/mir.min.js?v=2.1.0, line 7: InvalidStateError: An attempt was made to use an object that is not, or is no longer, usable
JavaScript error: http://mir.com/static/mir.min.js?v=2.1.0, line 7: InvalidStateError: An attempt was made to use an object that is not, or is no longer, usable
JavaScript error: http://mir.com/static/mir.min.js?v=2.1.0, line 7: InvalidStateError: An attempt was made to use an object that is not, or is no longer, usable
JavaScript error: http://mir.com/static/mir.min.js?v=2.1.0, line 7: InvalidStateError: An attempt was made to use an object that is not, or is no longer, usable
JavaScript error: http://mir.com/static/mir.min.js?v=2.1.0, line 7: InvalidStateError: An attempt was made to use an object that is not, or is no longer, usable
JavaScript error: http://mir.com/static/mir.min.js?v=2.1.0, line 7: InvalidStateError: An attempt was made to use an object that is not, or is no longer, usable
JavaScript error: http://mir.com/static/mir.min.js?v=2.1.0, line 7: InvalidStateError: An attempt was made to use an object that is not, or is no longer, usable
JavaScript error: http://mir.com/static/mir.min.js?v=2.1.0, line 7: InvalidStateError: An attempt was made to use an object that is not, or is no longer, usable
JavaScript error: http://mir.com/static/mir.min.js?v=2.1.0, line 7: InvalidStateError: An attempt was made to use an object that is not, or is no longer, usable
JavaScript error: http://mir.com/static/mir.min.js?v=2.1.0, line 7: InvalidStateError: An attempt was made to use an object that is not, or is no longer, usable
JavaScript error: http://mir.com/static/mir.min.js?v=2.1.0, line 7: InvalidStateError: An attempt was made to use an object that is not, or is no longer, usable
JavaScript error: http://mir.com/static/mir.min.js?v=2.1.0, line 7: InvalidStateError: An attempt was made to use an object that is not, or is no longer, usable
JavaScript error: http://mir.com/static/mir.min.js?v=2.1.0, line 7: InvalidStateError: An attempt was made to use an object that is not, or is no longer, usable
JavaScript error: http://mir.com/static/mir.min.js?v=2.1.0, line 7: InvalidStateError: An attempt was made to use an object that is not, or is no longer, usable
JavaScript error: http://mir.com/static/mir.min.js?v=2.1.0, line 7: InvalidStateError: An attempt was made to use an object that is not, or is no longer, usable
JavaScript error: http://mir.com/static/mir.min.js?v=2.1.0, line 7: InvalidStateError: An attempt was made to use an object that is not, or is no longer, usable
JavaScript error: http://mir.com/static/mir.min.js?v=2.1.0, line 7: InvalidStateError: An attempt was made to use an object that is not, or is no longer, usable
console.log: WebExtensions: reset-default-search: No addons in our list are installed.
JavaScript error: resource://devtools/server/actors/highlighters/utils/markup.js, line 141: TypeError: window.document.documentElement is null
1615509047631	geckodriver	INFO	Listening on 127.0.0.1:58697
1615509047634	mozrunner::runner	INFO	Running command: "/usr/bin/firefox" "--marionette" "-foreground" "-no-remote" "-profile" "/tmp/rust_mozprofiledY1aI0"
console.warn: SearchSettings: "get: No settings file exists, new profile?" (new Error("", "(unknown module)"))
console.error: Region.jsm: "Error fetching region" (new TypeError("NetworkError when attempting to fetch resource.", ""))
console.error: Region.jsm: "Failed to fetch region" (new Error("NO_RESULT", "resource://gre/modules/Region.jsm", 422))
1615509049463	Marionette	INFO	Listening on port 37187
1615509049557	Marionette	WARN	TLS certificate errors will be ignored for this session
JavaScript error: http://mir.com/static/mir.min.js?v=2.1.0, line 10: ReferenceError: menusection is not defined
JavaScript error: http://mir.com/static/mir.min.js?v=2.1.0, line 10: TypeError: document.getElementById(...) is null
JavaScript error: http://mir.com/static/mir.min.js?v=2.1.0, line 10: TypeError: document.getElementById(...) is null
JavaScript error: http://mir.com/static/mir.min.js?v=2.1.0, line 10: TypeError: document.getElementById(...) is null
JavaScript error: http://mir.com/static/mir.min.js?v=2.1.0, line 7: InvalidStateError: An attempt was made to use an object that is not, or is no longer, usable
JavaScript error: http://mir.com/static/mir.min.js?v=2.1.0, line 7: InvalidStateError: An attempt was made to use an object that is not, or is no longer, usable
JavaScript error: http://mir.com/static/mir.min.js?v=2.1.0, line 7: InvalidStateError: An attempt was made to use an object that is not, or is no longer, usable
console.error: Region.jsm: "Error fetching region" (new TypeError("NetworkError when attempting to fetch resource.", ""))
console.error: Region.jsm: "Failed to fetch region" (new Error("NO_RESULT", "resource://gre/modules/Region.jsm", 422))
JavaScript error: resource://gre/modules/XULStore.jsm, line 66: Error: Can't find profile directory.
JavaScript warning: https://cdn-sic.33across.com/1/javascripts/sic.js, line 10: Script terminated by timeout at:
y@https://cdn-sic.33across.com/1/javascripts/sic.js:10:44
@https://cdn-sic.33across.com/1/javascripts/sic.js:743:374
y@https://cdn-sic.33across.com/1/javascripts/sic.js:10:99
@https://cdn-sic.33across.com/1/javascripts/sic.js:185:309
@https://cdn-sic.33across.com/1/javascripts/sic.js:187:506
y@https://cdn-sic.33across.com/1/javascripts/sic.js:10:99
@https://cdn-sic.33across.com/1/javascripts/sic.js:399:230
y@https://cdn-sic.33across.com/1/javascripts/sic.js:10:99
@https://cdn-sic.33across.com/1/javascripts/sic.js:11:381
@https://cdn-sic.33across.com/1/javascripts/sic.js:11:394
@https://cdn-sic.33across.com/1/javascripts/sic.js:882:276

JavaScript error: https://route.carambo.la/inimage/getlayer?pid=sngl16&did=113074&wid=0&rdn=697, line 12: SecurityError: Permission denied to access property "scrollY" on cross-origin object
JavaScript error: https://tpc.googlesyndication.com/sodar/sodar2.js, line 25: NotFoundError: Node.removeChild: The node to be removed is not a child of this node
console.log: WebExtensions: reset-default-search: No addons in our list are installed.
JavaScript error: https://tpc.googlesyndication.com/sodar/sodar2.js, line 25: NotFoundError: Node.removeChild: The node to be removed is not a child of this node
JavaScript error: https://tpc.googlesyndication.com/sodar/sodar2.js, line 25: NotFoundError: Node.removeChild: The node to be removed is not a child of this node
JavaScript error: http://mir.com/static/mir.min.js?v=2.1.0, line 7: InvalidStateError: An attempt was made to use an object that is not, or is no longer, usable
JavaScript error: http://mir.com/static/mir.min.js?v=2.1.0, line 7: InvalidStateError: An attempt was made to use an object that is not, or is no longer, usable
JavaScript error: http://mir.com/static/mir.min.js?v=2.1.0, line 7: InvalidStateError: An attempt was made to use an object that is not, or is no longer, usable
JavaScript error: http://mir.com/static/mir.min.js?v=2.1.0, line 7: InvalidStateError: An attempt was made to use an object that is not, or is no longer, usable
JavaScript error: http://mir.com/static/mir.min.js?v=2.1.0, line 7: InvalidStateError: An attempt was made to use an object that is not, or is no longer, usable
JavaScript error: http://mir.com/static/mir.min.js?v=2.1.0, line 7: InvalidStateError: An attempt was made to use an object that is not, or is no longer, usable
JavaScript error: http://mir.com/static/mir.min.js?v=2.1.0, line 7: InvalidStateError: An attempt was made to use an object that is not, or is no longer, usable
JavaScript error: http://mir.com/static/mir.min.js?v=2.1.0, line 7: InvalidStateError: An attempt was made to use an object that is not, or is no longer, usable
JavaScript error: http://mir.com/static/mir.min.js?v=2.1.0, line 7: InvalidStateError: An attempt was made to use an object that is not, or is no longer, usable
JavaScript error: http://mir.com/static/mir.min.js?v=2.1.0, line 7: InvalidStateError: An attempt was made to use an object that is not, or is no longer, usable
console.error: "Error writing request: getGrids"
1615510135844	geckodriver	INFO	Listening on 127.0.0.1:32859
1615510135847	mozrunner::runner	INFO	Running command: "/usr/bin/firefox" "--marionette" "-foreground" "-no-remote" "-profile" "/tmp/rust_mozprofileuscasF"
console.warn: SearchSettings: "get: No settings file exists, new profile?" (new Error("", "(unknown module)"))
console.error: Region.jsm: "Error fetching region" (new TypeError("NetworkError when attempting to fetch resource.", ""))
console.error: Region.jsm: "Failed to fetch region" (new Error("NO_RESULT", "resource://gre/modules/Region.jsm", 422))
1615510137701	Marionette	INFO	Listening on port 43559
1615510137769	Marionette	WARN	TLS certificate errors will be ignored for this session
JavaScript error: http://mir.com/static/mir.min.js?v=2.1.0, line 10: ReferenceError: menusection is not defined
JavaScript error: http://mir.com/static/mir.min.js?v=2.1.0, line 10: TypeError: document.getElementById(...) is null
JavaScript error: http://mir.com/static/mir.min.js?v=2.1.0, line 10: TypeError: document.getElementById(...) is null
JavaScript error: http://mir.com/static/mir.min.js?v=2.1.0, line 10: TypeError: document.getElementById(...) is null
1615510312971	geckodriver	INFO	Listening on 127.0.0.1:59269
1615510312974	mozrunner::runner	INFO	Running command: "/usr/bin/firefox" "--marionette" "-foreground" "-no-remote" "-profile" "/tmp/rust_mozprofile4vDfVc"
console.warn: SearchSettings: "get: No settings file exists, new profile?" (new Error("", "(unknown module)"))
console.error: Region.jsm: "Error fetching region" (new TypeError("NetworkError when attempting to fetch resource.", ""))
console.error: Region.jsm: "Failed to fetch region" (new Error("NO_RESULT", "resource://gre/modules/Region.jsm", 422))
1615510314916	Marionette	INFO	Listening on port 43671
1615510315009	Marionette	WARN	TLS certificate errors will be ignored for this session
JavaScript error: http://mir.com/static/mir.min.js?v=2.1.0, line 10: TypeError: document.getElementById(...) is null
JavaScript error: http://mir.com/static/mir.min.js?v=2.1.0, line 10: ReferenceError: menusection is not defined
JavaScript error: http://mir.com/static/mir.min.js?v=2.1.0, line 10: TypeError: document.getElementById(...) is null
1615510495582	geckodriver	INFO	Listening on 127.0.0.1:43595
1615510495586	mozrunner::runner	INFO	Running command: "/usr/bin/firefox" "--marionette" "-foreground" "-no-remote" "-profile" "/tmp/rust_mozprofileWRHA76"
console.warn: SearchSettings: "get: No settings file exists, new profile?" (new Error("", "(unknown module)"))
console.error: Region.jsm: "Error fetching region" (new TypeError("NetworkError when attempting to fetch resource.", ""))
console.error: Region.jsm: "Failed to fetch region" (new Error("NO_RESULT", "resource://gre/modules/Region.jsm", 422))
1615510497591	Marionette	INFO	Listening on port 33985
1615510497715	Marionette	WARN	TLS certificate errors will be ignored for this session
JavaScript error: http://mir.com/static/mir.min.js?v=2.1.0, line 10: ReferenceError: menusection is not defined
JavaScript error: http://mir.com/static/mir.min.js?v=2.1.0, line 10: TypeError: document.getElementById(...) is null
JavaScript error: http://mir.com/static/mir.min.js?v=2.1.0, line 10: TypeError: document.getElementById(...) is null
JavaScript error: http://mir.com/static/mir.min.js?v=2.1.0, line 10: TypeError: document.getElementById(...) is null
1615510526295	addons.xpi	ERROR	System addon update list error Error: Failed downloading XML, status: 0, reason: error
console.log: WebExtensions: reset-default-search: No addons in our list are installed.
console.log: WebExtensions: reset-default-search: No addons in our list are installed.

###!!! [Child][RunMessage] Error: Channel closing: too late to send/recv, messages will be lost

1615512857245	Marionette	INFO	Stopped listening on port 33985

###!!! [Parent][RunMessage] Error: Channel closing: too late to send/recv, messages will be lost

1615514753432	geckodriver	INFO	Listening on 127.0.0.1:35067
1615514753436	mozrunner::runner	INFO	Running command: "/usr/bin/firefox" "--marionette" "-foreground" "-no-remote" "-profile" "/tmp/rust_mozprofilesjiwzl"
console.warn: SearchSettings: "get: No settings file exists, new profile?" (new Error("", "(unknown module)"))
1615514755401	Marionette	INFO	Listening on port 44451
1615514755465	Marionette	WARN	TLS certificate errors will be ignored for this session
1615514765166	Marionette	INFO	Stopped listening on port 44451
1615514767144	geckodriver	INFO	Listening on 127.0.0.1:57337
1615514767148	mozrunner::runner	INFO	Running command: "/usr/bin/firefox" "--marionette" "-foreground" "-no-remote" "-profile" "/tmp/rust_mozprofilegQwsxR"
console.warn: SearchSettings: "get: No settings file exists, new profile?" (new Error("", "(unknown module)"))
console.error: Region.jsm: "Error fetching region" (new TypeError("NetworkError when attempting to fetch resource.", ""))
console.error: Region.jsm: "Failed to fetch region" (new Error("NO_RESULT", "resource://gre/modules/Region.jsm", 422))
1615514769018	Marionette	INFO	Listening on port 41779
1615514769098	Marionette	WARN	TLS certificate errors will be ignored for this session
1615514771300	Marionette	INFO	Stopped listening on port 41779
1615514777950	geckodriver	INFO	Listening on 127.0.0.1:48879
1615514777953	mozrunner::runner	INFO	Running command: "/usr/bin/firefox" "--marionette" "-foreground" "-no-remote" "-profile" "/tmp/rust_mozprofileuVkhTg"
console.warn: SearchSettings: "get: No settings file exists, new profile?" (new Error("", "(unknown module)"))
console.error: Region.jsm: "Error fetching region" (new TypeError("NetworkError when attempting to fetch resource.", ""))
console.error: Region.jsm: "Failed to fetch region" (new Error("NO_RESULT", "resource://gre/modules/Region.jsm", 422))
JavaScript error: http://mir.com/static/mir.min.js?v=2.1.0, line 7: InvalidStateError: An attempt was made to use an object that is not, or is no longer, usable
JavaScript error: http://mir.com/static/mir.min.js?v=2.1.0, line 7: InvalidStateError: An attempt was made to use an object that is not, or is no longer, usable
JavaScript error: http://mir.com/static/mir.min.js?v=2.1.0, line 7: InvalidStateError: An attempt was made to use an object that is not, or is no longer, usable
JavaScript error: http://mir.com/static/mir.min.js?v=2.1.0, line 7: InvalidStateError: An attempt was made to use an object that is not, or is no longer, usable
JavaScript error: http://mir.com/static/mir.min.js?v=2.1.0, line 7: InvalidStateError: An attempt was made to use an object that is not, or is no longer, usable
JavaScript error: http://mir.com/static/mir.min.js?v=2.1.0, line 7: InvalidStateError: An attempt was made to use an object that is not, or is no longer, usable
JavaScript error: http://mir.com/static/mir.min.js?v=2.1.0, line 7: InvalidStateError: An attempt was made to use an object that is not, or is no longer, usable
JavaScript error: http://mir.com/static/mir.min.js?v=2.1.0, line 7: InvalidStateError: An attempt was made to use an object that is not, or is no longer, usable
JavaScript error: http://mir.com/static/mir.min.js?v=2.1.0, line 7: InvalidStateError: An attempt was made to use an object that is not, or is no longer, usable
JavaScript error: http://mir.com/static/mir.min.js?v=2.1.0, line 7: InvalidStateError: An attempt was made to use an object that is not, or is no longer, usable
JavaScript error: http://mir.com/static/mir.min.js?v=2.1.0, line 7: InvalidStateError: An attempt was made to use an object that is not, or is no longer, usable
JavaScript error: http://mir.com/static/mir.min.js?v=2.1.0, line 7: InvalidStateError: An attempt was made to use an object that is not, or is no longer, usable
JavaScript error: http://mir.com/static/mir.min.js?v=2.1.0, line 7: InvalidStateError: An attempt was made to use an object that is not, or is no longer, usable
JavaScript error: http://mir.com/static/mir.min.js?v=2.1.0, line 7: InvalidStateError: An attempt was made to use an object that is not, or is no longer, usable
JavaScript error: http://mir.com/static/mir.min.js?v=2.1.0, line 7: InvalidStateError: An attempt was made to use an object that is not, or is no longer, usable
JavaScript error: http://mir.com/static/mir.min.js?v=2.1.0, line 7: InvalidStateError: An attempt was made to use an object that is not, or is no longer, usable
JavaScript error: http://mir.com/static/mir.min.js?v=2.1.0, line 7: InvalidStateError: An attempt was made to use an object that is not, or is no longer, usable
JavaScript error: http://mir.com/static/mir.min.js?v=2.1.0, line 7: InvalidStateError: An attempt was made to use an object that is not, or is no longer, usable
JavaScript error: http://mir.com/static/mir.min.js?v=2.1.0, line 7: InvalidStateError: An attempt was made to use an object that is not, or is no longer, usable
JavaScript error: http://mir.com/static/mir.min.js?v=2.1.0, line 7: InvalidStateError: An attempt was made to use an object that is not, or is no longer, usable
JavaScript error: http://mir.com/static/mir.min.js?v=2.1.0, line 7: InvalidStateError: An attempt was made to use an object that is not, or is no longer, usable
JavaScript error: http://mir.com/static/mir.min.js?v=2.1.0, line 7: InvalidStateError: An attempt was made to use an object that is not, or is no longer, usable
JavaScript error: http://mir.com/static/mir.min.js?v=2.1.0, line 7: InvalidStateError: An attempt was made to use an object that is not, or is no longer, usable
JavaScript error: http://mir.com/static/mir.min.js?v=2.1.0, line 7: InvalidStateError: An attempt was made to use an object that is not, or is no longer, usable
JavaScript error: http://mir.com/static/mir.min.js?v=2.1.0, line 7: InvalidStateError: An attempt was made to use an object that is not, or is no longer, usable
JavaScript error: http://mir.com/static/mir.min.js?v=2.1.0, line 7: InvalidStateError: An attempt was made to use an object that is not, or is no longer, usable
JavaScript error: http://mir.com/static/mir.min.js?v=2.1.0, line 7: InvalidStateError: An attempt was made to use an object that is not, or is no longer, usable
JavaScript error: http://mir.com/static/mir.min.js?v=2.1.0, line 7: InvalidStateError: An attempt was made to use an object that is not, or is no longer, usable
JavaScript error: http://mir.com/static/mir.min.js?v=2.1.0, line 7: InvalidStateError: An attempt was made to use an object that is not, or is no longer, usable
JavaScript error: http://mir.com/static/mir.min.js?v=2.1.0, line 7: InvalidStateError: An attempt was made to use an object that is not, or is no longer, usable
JavaScript error: http://mir.com/static/mir.min.js?v=2.1.0, line 7: InvalidStateError: An attempt was made to use an object that is not, or is no longer, usable
JavaScript error: http://mir.com/static/mir.min.js?v=2.1.0, line 7: InvalidStateError: An attempt was made to use an object that is not, or is no longer, usable
JavaScript error: http://mir.com/static/mir.min.js?v=2.1.0, line 7: InvalidStateError: An attempt was made to use an object that is not, or is no longer, usable
JavaScript error: http://mir.com/static/mir.min.js?v=2.1.0, line 7: InvalidStateError: An attempt was made to use an object that is not, or is no longer, usable
JavaScript error: http://mir.com/static/mir.min.js?v=2.1.0, line 7: InvalidStateError: An attempt was made to use an object that is not, or is no longer, usable
JavaScript error: http://mir.com/static/mir.min.js?v=2.1.0, line 7: InvalidStateError: An attempt was made to use an object that is not, or is no longer, usable
JavaScript error: http://mir.com/static/mir.min.js?v=2.1.0, line 7: InvalidStateError: An attempt was made to use an object that is not, or is no longer, usable
JavaScript error: http://mir.com/static/mir.min.js?v=2.1.0, line 7: InvalidStateError: An attempt was made to use an object that is not, or is no longer, usable
JavaScript error: http://mir.com/static/mir.min.js?v=2.1.0, line 7: InvalidStateError: An attempt was made to use an object that is not, or is no longer, usable
JavaScript error: http://mir.com/static/mir.min.js?v=2.1.0, line 7: InvalidStateError: An attempt was made to use an object that is not, or is no longer, usable
JavaScript error: http://mir.com/static/mir.min.js?v=2.1.0, line 7: InvalidStateError: An attempt was made to use an object that is not, or is no longer, usable
JavaScript error: http://mir.com/static/mir.min.js?v=2.1.0, line 7: InvalidStateError: An attempt was made to use an object that is not, or is no longer, usable
JavaScript error: http://mir.com/static/mir.min.js?v=2.1.0, line 7: InvalidStateError: An attempt was made to use an object that is not, or is no longer, usable
JavaScript error: http://mir.com/static/mir.min.js?v=2.1.0, line 7: InvalidStateError: An attempt was made to use an object that is not, or is no longer, usable
JavaScript error: http://mir.com/static/mir.min.js?v=2.1.0, line 7: InvalidStateError: An attempt was made to use an object that is not, or is no longer, usable
JavaScript error: http://mir.com/static/mir.min.js?v=2.1.0, line 7: InvalidStateError: An attempt was made to use an object that is not, or is no longer, usable
JavaScript error: http://mir.com/static/mir.min.js?v=2.1.0, line 7: InvalidStateError: An attempt was made to use an object that is not, or is no longer, usable
JavaScript error: http://mir.com/static/mir.min.js?v=2.1.0, line 7: InvalidStateError: An attempt was made to use an object that is not, or is no longer, usable
JavaScript error: http://mir.com/static/mir.min.js?v=2.1.0, line 7: InvalidStateError: An attempt was made to use an object that is not, or is no longer, usable
JavaScript error: http://mir.com/static/mir.min.js?v=2.1.0, line 7: InvalidStateError: An attempt was made to use an object that is not, or is no longer, usable
JavaScript error: http://mir.com/static/mir.min.js?v=2.1.0, line 7: InvalidStateError: An attempt was made to use an object that is not, or is no longer, usable
JavaScript error: http://mir.com/static/mir.min.js?v=2.1.0, line 7: InvalidStateError: An attempt was made to use an object that is not, or is no longer, usable
JavaScript error: http://mir.com/static/mir.min.js?v=2.1.0, line 7: InvalidStateError: An attempt was made to use an object that is not, or is no longer, usable
JavaScript error: http://mir.com/static/mir.min.js?v=2.1.0, line 7: InvalidStateError: An attempt was made to use an object that is not, or is no longer, usable
JavaScript error: http://mir.com/static/mir.min.js?v=2.1.0, line 7: InvalidStateError: An attempt was made to use an object that is not, or is no longer, usable
JavaScript error: http://mir.com/static/mir.min.js?v=2.1.0, line 7: InvalidStateError: An attempt was made to use an object that is not, or is no longer, usable
JavaScript error: http://mir.com/static/mir.min.js?v=2.1.0, line 7: InvalidStateError: An attempt was made to use an object that is not, or is no longer, usable
JavaScript error: http://mir.com/static/mir.min.js?v=2.1.0, line 7: InvalidStateError: An attempt was made to use an object that is not, or is no longer, usable
JavaScript error: http://mir.com/static/mir.min.js?v=2.1.0, line 7: InvalidStateError: An attempt was made to use an object that is not, or is no longer, usable
JavaScript error: http://mir.com/static/mir.min.js?v=2.1.0, line 7: InvalidStateError: An attempt was made to use an object that is not, or is no longer, usable
JavaScript error: http://mir.com/static/mir.min.js?v=2.1.0, line 7: InvalidStateError: An attempt was made to use an object that is not, or is no longer, usable
1615514779806	Marionette	INFO	Listening on port 34329
1615514779875	Marionette	WARN	TLS certificate errors will be ignored for this session
JavaScript error: http://mir.com/static/mir.min.js?v=2.1.0, line 10: TypeError: document.getElementById(...) is null
JavaScript error: http://mir.com/static/mir.min.js?v=2.1.0, line 10: ReferenceError: menusection is not defined
JavaScript error: http://mir.com/static/mir.min.js?v=2.1.0, line 10: TypeError: document.getElementById(...) is null
JavaScript error: http://mir.com/static/mir.min.js?v=2.1.0, line 7: InvalidStateError: An attempt was made to use an object that is not, or is no longer, usable
JavaScript error: http://mir.com/static/mir.min.js?v=2.1.0, line 7: InvalidStateError: An attempt was made to use an object that is not, or is no longer, usable
JavaScript error: http://mir.com/static/mir.min.js?v=2.1.0, line 7: InvalidStateError: An attempt was made to use an object that is not, or is no longer, usable
JavaScript error: http://mir.com/static/mir.min.js?v=2.1.0, line 7: InvalidStateError: An attempt was made to use an object that is not, or is no longer, usable
JavaScript error: http://mir.com/static/mir.min.js?v=2.1.0, line 7: InvalidStateError: An attempt was made to use an object that is not, or is no longer, usable
JavaScript error: http://mir.com/static/mir.min.js?v=2.1.0, line 7: InvalidStateError: An attempt was made to use an object that is not, or is no longer, usable
JavaScript error: http://mir.com/static/mir.min.js?v=2.1.0, line 7: InvalidStateError: An attempt was made to use an object that is not, or is no longer, usable
JavaScript error: http://mir.com/static/mir.min.js?v=2.1.0, line 7: InvalidStateError: An attempt was made to use an object that is not, or is no longer, usable
JavaScript error: http://mir.com/static/mir.min.js?v=2.1.0, line 7: InvalidStateError: An attempt was made to use an object that is not, or is no longer, usable
JavaScript error: http://mir.com/static/mir.min.js?v=2.1.0, line 7: InvalidStateError: An attempt was made to use an object that is not, or is no longer, usable
JavaScript error: http://mir.com/static/mir.min.js?v=2.1.0, line 7: InvalidStateError: An attempt was made to use an object that is not, or is no longer, usable
JavaScript error: http://mir.com/static/mir.min.js?v=2.1.0, line 7: InvalidStateError: An attempt was made to use an object that is not, or is no longer, usable
JavaScript error: http://mir.com/static/mir.min.js?v=2.1.0, line 7: InvalidStateError: An attempt was made to use an object that is not, or is no longer, usable
JavaScript error: http://mir.com/static/mir.min.js?v=2.1.0, line 7: InvalidStateError: An attempt was made to use an object that is not, or is no longer, usable
JavaScript error: http://mir.com/static/mir.min.js?v=2.1.0, line 7: InvalidStateError: An attempt was made to use an object that is not, or is no longer, usable
JavaScript error: http://mir.com/static/mir.min.js?v=2.1.0, line 7: InvalidStateError: An attempt was made to use an object that is not, or is no longer, usable
JavaScript error: http://mir.com/static/mir.min.js?v=2.1.0, line 7: InvalidStateError: An attempt was made to use an object that is not, or is no longer, usable
JavaScript error: http://mir.com/static/mir.min.js?v=2.1.0, line 7: InvalidStateError: An attempt was made to use an object that is not, or is no longer, usable
JavaScript error: http://mir.com/static/mir.min.js?v=2.1.0, line 7: InvalidStateError: An attempt was made to use an object that is not, or is no longer, usable
JavaScript error: http://mir.com/static/mir.min.js?v=2.1.0, line 7: InvalidStateError: An attempt was made to use an object that is not, or is no longer, usable
JavaScript error: http://mir.com/static/mir.min.js?v=2.1.0, line 7: InvalidStateError: An attempt was made to use an object that is not, or is no longer, usable
JavaScript error: http://mir.com/static/mir.min.js?v=2.1.0, line 7: InvalidStateError: An attempt was made to use an object that is not, or is no longer, usable
JavaScript error: http://mir.com/static/mir.min.js?v=2.1.0, line 7: InvalidStateError: An attempt was made to use an object that is not, or is no longer, usable
JavaScript error: http://mir.com/static/mir.min.js?v=2.1.0, line 7: InvalidStateError: An attempt was made to use an object that is not, or is no longer, usable
JavaScript error: http://mir.com/static/mir.min.js?v=2.1.0, line 7: InvalidStateError: An attempt was made to use an object that is not, or is no longer, usable
JavaScript error: http://mir.com/static/mir.min.js?v=2.1.0, line 7: InvalidStateError: An attempt was made to use an object that is not, or is no longer, usable
JavaScript error: http://mir.com/static/mir.min.js?v=2.1.0, line 7: InvalidStateError: An attempt was made to use an object that is not, or is no longer, usable
JavaScript error: http://mir.com/static/mir.min.js?v=2.1.0, line 7: InvalidStateError: An attempt was made to use an object that is not, or is no longer, usable
JavaScript error: http://mir.com/static/mir.min.js?v=2.1.0, line 7: InvalidStateError: An attempt was made to use an object that is not, or is no longer, usable
JavaScript error: http://mir.com/static/mir.min.js?v=2.1.0, line 7: InvalidStateError: An attempt was made to use an object that is not, or is no longer, usable
JavaScript error: http://mir.com/static/mir.min.js?v=2.1.0, line 7: InvalidStateError: An attempt was made to use an object that is not, or is no longer, usable
JavaScript error: http://mir.com/static/mir.min.js?v=2.1.0, line 7: InvalidStateError: An attempt was made to use an object that is not, or is no longer, usable
JavaScript error: http://mir.com/static/mir.min.js?v=2.1.0, line 7: InvalidStateError: An attempt was made to use an object that is not, or is no longer, usable
JavaScript error: http://mir.com/static/mir.min.js?v=2.1.0, line 7: InvalidStateError: An attempt was made to use an object that is not, or is no longer, usable
JavaScript error: http://mir.com/static/mir.min.js?v=2.1.0, line 7: InvalidStateError: An attempt was made to use an object that is not, or is no longer, usable
JavaScript error: http://mir.com/static/mir.min.js?v=2.1.0, line 7: InvalidStateError: An attempt was made to use an object that is not, or is no longer, usable
JavaScript error: http://mir.com/static/mir.min.js?v=2.1.0, line 7: InvalidStateError: An attempt was made to use an object that is not, or is no longer, usable
JavaScript error: http://mir.com/static/mir.min.js?v=2.1.0, line 7: InvalidStateError: An attempt was made to use an object that is not, or is no longer, usable
JavaScript error: http://mir.com/static/mir.min.js?v=2.1.0, line 7: InvalidStateError: An attempt was made to use an object that is not, or is no longer, usable
JavaScript error: http://mir.com/static/mir.min.js?v=2.1.0, line 7: InvalidStateError: An attempt was made to use an object that is not, or is no longer, usable
JavaScript error: http://mir.com/static/mir.min.js?v=2.1.0, line 7: InvalidStateError: An attempt was made to use an object that is not, or is no longer, usable
JavaScript error: http://mir.com/static/mir.min.js?v=2.1.0, line 7: InvalidStateError: An attempt was made to use an object that is not, or is no longer, usable
JavaScript error: http://mir.com/static/mir.min.js?v=2.1.0, line 7: InvalidStateError: An attempt was made to use an object that is not, or is no longer, usable
JavaScript error: http://mir.com/static/mir.min.js?v=2.1.0, line 7: InvalidStateError: An attempt was made to use an object that is not, or is no longer, usable
JavaScript error: http://mir.com/static/mir.min.js?v=2.1.0, line 7: InvalidStateError: An attempt was made to use an object that is not, or is no longer, usable
JavaScript error: http://mir.com/static/mir.min.js?v=2.1.0, line 7: InvalidStateError: An attempt was made to use an object that is not, or is no longer, usable
JavaScript error: http://mir.com/static/mir.min.js?v=2.1.0, line 7: InvalidStateError: An attempt was made to use an object that is not, or is no longer, usable
JavaScript error: http://mir.com/static/mir.min.js?v=2.1.0, line 7: InvalidStateError: An attempt was made to use an object that is not, or is no longer, usable
JavaScript error: http://mir.com/static/mir.min.js?v=2.1.0, line 7: InvalidStateError: An attempt was made to use an object that is not, or is no longer, usable
JavaScript error: http://mir.com/static/mir.min.js?v=2.1.0, line 7: InvalidStateError: An attempt was made to use an object that is not, or is no longer, usable
JavaScript error: http://mir.com/static/mir.min.js?v=2.1.0, line 7: InvalidStateError: An attempt was made to use an object that is not, or is no longer, usable
JavaScript error: http://mir.com/static/mir.min.js?v=2.1.0, line 7: InvalidStateError: An attempt was made to use an object that is not, or is no longer, usable
JavaScript error: http://mir.com/static/mir.min.js?v=2.1.0, line 7: InvalidStateError: An attempt was made to use an object that is not, or is no longer, usable
JavaScript error: http://mir.com/static/mir.min.js?v=2.1.0, line 7: InvalidStateError: An attempt was made to use an object that is not, or is no longer, usable
JavaScript error: http://mir.com/static/mir.min.js?v=2.1.0, line 7: InvalidStateError: An attempt was made to use an object that is not, or is no longer, usable
JavaScript error: http://mir.com/static/mir.min.js?v=2.1.0, line 7: InvalidStateError: An attempt was made to use an object that is not, or is no longer, usable
JavaScript error: http://mir.com/static/mir.min.js?v=2.1.0, line 7: InvalidStateError: An attempt was made to use an object that is not, or is no longer, usable
JavaScript error: http://mir.com/static/mir.min.js?v=2.1.0, line 7: InvalidStateError: An attempt was made to use an object that is not, or is no longer, usable
JavaScript error: http://mir.com/static/mir.min.js?v=2.1.0, line 7: InvalidStateError: An attempt was made to use an object that is not, or is no longer, usable
JavaScript error: http://mir.com/static/mir.min.js?v=2.1.0, line 7: InvalidStateError: An attempt was made to use an object that is not, or is no longer, usable
JavaScript error: http://mir.com/static/mir.min.js?v=2.1.0, line 7: InvalidStateError: An attempt was made to use an object that is not, or is no longer, usable
JavaScript error: http://mir.com/static/mir.min.js?v=2.1.0, line 7: InvalidStateError: An attempt was made to use an object that is not, or is no longer, usable
JavaScript error: http://mir.com/static/mir.min.js?v=2.1.0, line 7: InvalidStateError: An attempt was made to use an object that is not, or is no longer, usable
console.error: (new TypeError("parent is null", "resource://devtools/client/inspector/shared/style-change-tracker.js", 67))
TypeError: parent is null: canMutationImpactCurrentStyles@resource://devtools/client/inspector/shared/style-change-tracker.js:67:24
onMutations@resource://devtools/client/inspector/shared/style-change-tracker.js:84:41
_emit@resource://devtools/shared/event-emitter.js:226:34
emit@resource://devtools/shared/event-emitter.js:172:18
emit@resource://devtools/shared/event-emitter.js:324:18
getMutations@resource://devtools/client/fronts/walker.js:358:10

1615515168490	addons.xpi	ERROR	System addon update list error Error: Failed downloading XML, status: 0, reason: error
console.error: Region.jsm: "Error fetching region" (new TypeError("NetworkError when attempting to fetch resource.", ""))
console.error: Region.jsm: "Failed to fetch region" (new Error("NO_RESULT", "resource://gre/modules/Region.jsm", 422))
JavaScript error: http://mir.com/static/mir.min.js?v=2.1.0, line 7: InvalidStateError: An attempt was made to use an object that is not, or is no longer, usable
JavaScript error: http://mir.com/static/mir.min.js?v=2.1.0, line 7: InvalidStateError: An attempt was made to use an object that is not, or is no longer, usable
JavaScript error: http://mir.com/static/mir.min.js?v=2.1.0, line 7: InvalidStateError: An attempt was made to use an object that is not, or is no longer, usable
JavaScript error: http://mir.com/static/mir.min.js?v=2.1.0, line 7: InvalidStateError: An attempt was made to use an object that is not, or is no longer, usable
JavaScript error: http://mir.com/static/mir.min.js?v=2.1.0, line 7: InvalidStateError: An attempt was made to use an object that is not, or is no longer, usable
1615518305697	geckodriver	INFO	Listening on 127.0.0.1:53815
1615518305715	mozrunner::runner	INFO	Running command: "/usr/bin/firefox" "--marionette" "-foreground" "-no-remote" "-profile" "/tmp/rust_mozprofilesYTTtu"
console.warn: SearchSettings: "get: No settings file exists, new profile?" (new Error("", "(unknown module)"))
console.error: Region.jsm: "Error fetching region" (new TypeError("NetworkError when attempting to fetch resource.", ""))
console.error: Region.jsm: "Failed to fetch region" (new Error("NO_RESULT", "resource://gre/modules/Region.jsm", 422))
1615518307661	Marionette	INFO	Listening on port 42401
1615518307737	Marionette	WARN	TLS certificate errors will be ignored for this session
JavaScript error: http://mir.com/static/mir.min.js?v=2.1.0, line 10: ReferenceError: menusection is not defined
1615518346966	Marionette	INFO	Stopped listening on port 42401

###!!! [Parent][RunMessage] Error: Channel closing: too late to send/recv, messages will be lost

JavaScript error: resource://gre/actors/PictureInPictureChild.jsm, line 299: InvalidStateError: JSWindowActorChild.contentWindow getter: Cannot access property 'contentWindow' after actor 'PictureInPictureToggle' has been destroyed
JavaScript error: resource://gre/actors/PictureInPictureChild.jsm, line 299: InvalidStateError: JSWindowActorChild.contentWindow getter: Cannot access property 'contentWindow' after actor 'PictureInPictureToggle' has been destroyed

###!!! [Child][RunMessage] Error: Channel closing: too late to send/recv, messages will be lost


###!!! [Child][RunMessage] Error: Channel closing: too late to send/recv, messages will be lost


###!!! [Child][RunMessage] Error: Channel closing: too late to send/recv, messages will be lost


###!!! [Child][RunMessage] Error: Channel closing: too late to send/recv, messages will be lost


###!!! [Child][RunMessage] Error: Channel closing: too late to send/recv, messages will be lost


###!!! [Child][RunMessage] Error: Channel closing: too late to send/recv, messages will be lost


###!!! [Child][RunMessage] Error: Channel closing: too late to send/recv, messages will be lost


###!!! [Child][RunMessage] Error: Channel closing: too late to send/recv, messages will be lost


###!!! [Child][RunMessage] Error: Channel closing: too late to send/recv, messages will be lost


###!!! [Child][RunMessage] Error: Channel closing: too late to send/recv, messages will be lost


###!!! [Child][RunMessage] Error: Channel closing: too late to send/recv, messages will be lost


###!!! [Child][RunMessage] Error: Channel closing: too late to send/recv, messages will be lost


###!!! [Child][RunMessage] Error: Channel closing: too late to send/recv, messages will be lost


###!!! [Child][RunMessage] Error: Channel closing: too late to send/recv, messages will be lost


###!!! [Child][RunMessage] Error: Channel closing: too late to send/recv, messages will be lost


###!!! [Child][RunMessage] Error: Channel closing: too late to send/recv, messages will be lost


###!!! [Child][RunMessage] Error: Channel closing: too late to send/recv, messages will be lost


###!!! [Child][RunMessage] Error: Channel closing: too late to send/recv, messages will be lost


###!!! [Child][RunMessage] Error: Channel closing: too late to send/recv, messages will be lost


###!!! [Child][MessageChannel] Error: (msgtype=0xB60006,name=PWebSocket::Msg_DeleteSelf) Channel closing: too late to send/recv, messages will be lost


###!!! [Child][MessageChannel] Error: (msgtype=0xB60006,name=PWebSocket::Msg_DeleteSelf) Channel closing: too late to send/recv, messages will be lost


###!!! [Child][MessageChannel] Error: (msgtype=0xB60006,name=PWebSocket::Msg_DeleteSelf) Channel closing: too late to send/recv, messages will be lost


###!!! [Child][MessageChannel] Error: (msgtype=0xB60006,name=PWebSocket::Msg_DeleteSelf) Channel closing: too late to send/recv, messages will be lost


###!!! [Child][MessageChannel] Error: (msgtype=0xB60006,name=PWebSocket::Msg_DeleteSelf) Channel closing: too late to send/recv, messages will be lost


###!!! [Child][MessageChannel] Error: (msgtype=0xB60006,name=PWebSocket::Msg_DeleteSelf) Channel closing: too late to send/recv, messages will be lost


###!!! [Child][MessageChannel] Error: (msgtype=0xB60006,name=PWebSocket::Msg_DeleteSelf) Channel closing: too late to send/recv, messages will be lost


###!!! [Child][MessageChannel] Error: (msgtype=0xB60006,name=PWebSocket::Msg_DeleteSelf) Channel closing: too late to send/recv, messages will be lost


###!!! [Child][MessageChannel] Error: (msgtype=0xB60006,name=PWebSocket::Msg_DeleteSelf) Channel closing: too late to send/recv, messages will be lost


###!!! [Child][MessageChannel] Error: (msgtype=0xB60006,name=PWebSocket::Msg_DeleteSelf) Channel closing: too late to send/recv, messages will be lost


###!!! [Child][MessageChannel] Error: (msgtype=0xB60006,name=PWebSocket::Msg_DeleteSelf) Channel closing: too late to send/recv, messages will be lost


###!!! [Child][MessageChannel] Error: (msgtype=0xB60006,name=PWebSocket::Msg_DeleteSelf) Channel closing: too late to send/recv, messages will be lost


###!!! [Child][MessageChannel] Error: (msgtype=0xB60006,name=PWebSocket::Msg_DeleteSelf) Channel closing: too late to send/recv, messages will be lost


###!!! [Child][MessageChannel] Error: (msgtype=0xB60006,name=PWebSocket::Msg_DeleteSelf) Channel closing: too late to send/recv, messages will be lost


###!!! [Child][MessageChannel] Error: (msgtype=0xB60006,name=PWebSocket::Msg_DeleteSelf) Channel closing: too late to send/recv, messages will be lost


###!!! [Child][MessageChannel] Error: (msgtype=0xB60006,name=PWebSocket::Msg_DeleteSelf) Channel closing: too late to send/recv, messages will be lost


###!!! [Child][MessageChannel] Error: (msgtype=0xB60006,name=PWebSocket::Msg_DeleteSelf) Channel closing: too late to send/recv, messages will be lost


###!!! [Child][MessageChannel] Error: (msgtype=0xB60006,name=PWebSocket::Msg_DeleteSelf) Channel closing: too late to send/recv, messages will be lost


###!!! [Child][MessageChannel] Error: (msgtype=0xB60006,name=PWebSocket::Msg_DeleteSelf) Channel closing: too late to send/recv, messages will be lost


###!!! [Child][RunMessage] Error: Channel closing: too late to send/recv, messages will be lost


###!!! [Child][RunMessage] Error: Channel closing: too late to send/recv, messages will be lost


###!!! [Child][RunMessage] Error: Channel closing: too late to send/recv, messages will be lost


###!!! [Child][RunMessage] Error: Channel closing: too late to send/recv, messages will be lost


###!!! [Child][RunMessage] Error: Channel closing: too late to send/recv, messages will be lost


###!!! [Child][RunMessage] Error: Channel closing: too late to send/recv, messages will be lost


###!!! [Child][RunMessage] Error: Channel closing: too late to send/recv, messages will be lost


###!!! [Child][RunMessage] Error: Channel closing: too late to send/recv, messages will be lost


###!!! [Child][RunMessage] Error: Channel closing: too late to send/recv, messages will be lost


###!!! [Child][RunMessage] Error: Channel closing: too late to send/recv, messages will be lost


###!!! [Child][RunMessage] Error: Channel closing: too late to send/recv, messages will be lost


###!!! [Child][RunMessage] Error: Channel closing: too late to send/recv, messages will be lost


###!!! [Child][RunMessage] Error: Channel closing: too late to send/recv, messages will be lost


###!!! [Child][RunMessage] Error: Channel closing: too late to send/recv, messages will be lost


###!!! [Child][RunMessage] Error: Channel closing: too late to send/recv, messages will be lost


###!!! [Child][RunMessage] Error: Channel closing: too late to send/recv, messages will be lost


###!!! [Child][RunMessage] Error: Channel closing: too late to send/recv, messages will be lost


###!!! [Child][RunMessage] Error: Channel closing: too late to send/recv, messages will be lost


###!!! [Child][RunMessage] Error: Channel closing: too late to send/recv, messages will be lost


###!!! [Child][RunMessage] Error: Channel closing: too late to send/recv, messages will be lost


###!!! [Child][RunMessage] Error: Channel closing: too late to send/recv, messages will be lost

1615518349434	Marionette	INFO	Stopped listening on port 40233

###!!! [Parent][RunMessage] Error: Channel closing: too late to send/recv, messages will be lost

1615518349461	Marionette	INFO	Stopped listening on port 43559

###!!! [Child][RunMessage] Error: Channel closing: too late to send/recv, messages will be lost


###!!! [Child][RunMessage] Error: Channel closing: too late to send/recv, messages will be lost


###!!! [Child][RunMessage] Error: Channel closing: too late to send/recv, messages will be lost


###!!! [Child][RunMessage] Error: Channel closing: too late to send/recv, messages will be lost


###!!! [Child][RunMessage] Error: Channel closing: too late to send/recv, messages will be lost


###!!! [Child][RunMessage] Error: Channel closing: too late to send/recv, messages will be lost


###!!! [Child][RunMessage] Error: Channel closing: too late to send/recv, messages will be lost


###!!! [Child][RunMessage] Error: Channel closing: too late to send/recv, messages will be lost


###!!! [Child][RunMessage] Error: Channel closing: too late to send/recv, messages will be lost


###!!! [Child][RunMessage] Error: Channel closing: too late to send/recv, messages will be lost


###!!! [Child][RunMessage] Error: Channel closing: too late to send/recv, messages will be lost


###!!! [Child][RunMessage] Error: Channel closing: too late to send/recv, messages will be lost


###!!! [Child][RunMessage] Error: Channel closing: too late to send/recv, messages will be lost


###!!! [Child][RunMessage] Error: Channel closing: too late to send/recv, messages will be lost


###!!! [Child][RunMessage] Error: Channel closing: too late to send/recv, messages will be lost


###!!! [Child][RunMessage] Error: Channel closing: too late to send/recv, messages will be lost


###!!! [Child][RunMessage] Error: Channel closing: too late to send/recv, messages will be lost


###!!! [Child][RunMessage] Error: Channel closing: too late to send/recv, messages will be lost


###!!! [Child][RunMessage] Error: Channel closing: too late to send/recv, messages will be lost


###!!! [Child][RunMessage] Error: Channel closing: too late to send/recv, messages will be lost


###!!! [Child][RunMessage] Error: Channel closing: too late to send/recv, messages will be lost


###!!! [Child][RunMessage] Error: Channel closing: too late to send/recv, messages will be lost


###!!! [Child][RunMessage] Error: Channel closing: too late to send/recv, messages will be lost


###!!! [Child][RunMessage] Error: Channel closing: too late to send/recv, messages will be lost


###!!! [Child][RunMessage] Error: Channel closing: too late to send/recv, messages will be lost


###!!! [Child][RunMessage] Error: Channel closing: too late to send/recv, messages will be lost


###!!! [Child][RunMessage] Error: Channel closing: too late to send/recv, messages will be lost


###!!! [Child][RunMessage] Error: Channel closing: too late to send/recv, messages will be lost


###!!! [Child][RunMessage] Error: Channel closing: too late to send/recv, messages will be lost


###!!! [Child][RunMessage] Error: Channel closing: too late to send/recv, messages will be lost


###!!! [Child][RunMessage] Error: Channel closing: too late to send/recv, messages will be lost


###!!! [Child][RunMessage] Error: Channel closing: too late to send/recv, messages will be lost


###!!! [Child][RunMessage] Error: Channel closing: too late to send/recv, messages will be lost


###!!! [Child][RunMessage] Error: Channel closing: too late to send/recv, messages will be lost


###!!! [Child][RunMessage] Error: Channel closing: too late to send/recv, messages will be lost


###!!! [Child][RunMessage] Error: Channel closing: too late to send/recv, messages will be lost


###!!! [Child][RunMessage] Error: Channel closing: too late to send/recv, messages will be lost


###!!! [Child][RunMessage] Error: Channel closing: too late to send/recv, messages will be lost


###!!! [Child][RunMessage] Error: Channel closing: too late to send/recv, messages will be lost


###!!! [Child][RunMessage] Error: Channel closing: too late to send/recv, messages will be lost


###!!! [Child][RunMessage] Error: Channel closing: too late to send/recv, messages will be lost


###!!! [Child][RunMessage] Error: Channel closing: too late to send/recv, messages will be lost


###!!! [Child][RunMessage] Error: Channel closing: too late to send/recv, messages will be lost


###!!! [Child][RunMessage] Error: Channel closing: too late to send/recv, messages will be lost


###!!! [Child][RunMessage] Error: Channel closing: too late to send/recv, messages will be lost


###!!! [Child][RunMessage] Error: Channel closing: too late to send/recv, messages will be lost


###!!! [Child][RunMessage] Error: Channel closing: too late to send/recv, messages will be lost


###!!! [Child][RunMessage] Error: Channel closing: too late to send/recv, messages will be lost


###!!! [Child][RunMessage] Error: Channel closing: too late to send/recv, messages will be lost


###!!! [Child][RunMessage] Error: Channel closing: too late to send/recv, messages will be lost


###!!! [Child][RunMessage] Error: Channel closing: too late to send/recv, messages will be lost


###!!! [Child][RunMessage] Error: Channel closing: too late to send/recv, messages will be lost


###!!! [Child][RunMessage] Error: Channel closing: too late to send/recv, messages will be lost


###!!! [Child][RunMessage] Error: Channel closing: too late to send/recv, messages will be lost


###!!! [Child][RunMessage] Error: Channel closing: too late to send/recv, messages will be lost


###!!! [Child][RunMessage] Error: Channel closing: too late to send/recv, messages will be lost


###!!! [Child][RunMessage] Error: Channel closing: too late to send/recv, messages will be lost


###!!! [Child][RunMessage] Error: Channel closing: too late to send/recv, messages will be lost


###!!! [Child][RunMessage] Error: Channel closing: too late to send/recv, messages will be lost


###!!! [Child][RunMessage] Error: Channel closing: too late to send/recv, messages will be lost


###!!! [Child][RunMessage] Error: Channel closing: too late to send/recv, messages will be lost


###!!! [Child][RunMessage] Error: Channel closing: too late to send/recv, messages will be lost


###!!! [Child][RunMessage] Error: Channel closing: too late to send/recv, messages will be lost


###!!! [Child][RunMessage] Error: Channel closing: too late to send/recv, messages will be lost


###!!! [Child][RunMessage] Error: Channel closing: too late to send/recv, messages will be lost


###!!! [Child][RunMessage] Error: Channel closing: too late to send/recv, messages will be lost


###!!! [Child][RunMessage] Error: Channel closing: too late to send/recv, messages will be lost


###!!! [Child][RunMessage] Error: Channel closing: too late to send/recv, messages will be lost


###!!! [Child][RunMessage] Error: Channel closing: too late to send/recv, messages will be lost


###!!! [Child][RunMessage] Error: Channel closing: too late to send/recv, messages will be lost

1615518349546	Marionette	INFO	Stopped listening on port 34329
1615518349559	Marionette	INFO	Stopped listening on port 43671

###!!! [Parent][RunMessage] Error: Channel closing: too late to send/recv, messages will be lost


###!!! [Parent][RunMessage] Error: Channel closing: too late to send/recv, messages will be lost

1615518349679	Marionette	INFO	Stopped listening on port 42995

###!!! [Parent][RunMessage] Error: Channel closing: too late to send/recv, messages will be lost

1615518349749	Marionette	INFO	Stopped listening on port 37187

###!!! [Parent][RunMessage] Error: Channel closing: too late to send/recv, messages will be lost

1615518356900	geckodriver	INFO	Listening on 127.0.0.1:36921
1615518356903	mozrunner::runner	INFO	Running command: "/usr/bin/firefox" "--marionette" "-foreground" "-no-remote" "-profile" "/tmp/rust_mozprofileEg8TtA"
console.warn: SearchSettings: "get: No settings file exists, new profile?" (new Error("", "(unknown module)"))
console.error: Region.jsm: "Error fetching region" (new TypeError("NetworkError when attempting to fetch resource.", ""))
console.error: Region.jsm: "Failed to fetch region" (new Error("NO_RESULT", "resource://gre/modules/Region.jsm", 422))
1615518358871	Marionette	INFO	Listening on port 41883
1615518358926	Marionette	WARN	TLS certificate errors will be ignored for this session
JavaScript error: http://mir.com/static/mir.min.js?v=2.1.0, line 10: ReferenceError: menusection is not defined
JavaScript error: http://mir.com/static/mir.min.js?v=2.1.0, line 10: TypeError: document.getElementById(...) is null
JavaScript error: http://mir.com/static/mir.min.js?v=2.1.0, line 10: TypeError: document.getElementById(...) is null
1615518426354	geckodriver	INFO	Listening on 127.0.0.1:52937
1615518426357	mozrunner::runner	INFO	Running command: "/usr/bin/firefox" "--marionette" "-foreground" "-no-remote" "-profile" "/tmp/rust_mozprofile3AcINB"
console.warn: SearchSettings: "get: No settings file exists, new profile?" (new Error("", "(unknown module)"))
console.error: Region.jsm: "Error fetching region" (new TypeError("NetworkError when attempting to fetch resource.", ""))
console.error: Region.jsm: "Failed to fetch region" (new Error("NO_RESULT", "resource://gre/modules/Region.jsm", 422))
1615518428240	Marionette	INFO	Listening on port 45799
1615518428285	Marionette	WARN	TLS certificate errors will be ignored for this session
JavaScript error: http://mir.com/static/mir.min.js?v=2.1.0, line 10: ReferenceError: menusection is not defined
JavaScript error: http://mir.com/static/mir.min.js?v=2.1.0, line 10: TypeError: document.getElementById(...) is null
JavaScript error: http://mir.com/static/mir.min.js?v=2.1.0, line 10: TypeError: document.getElementById(...) is null
1615518579957	geckodriver	INFO	Listening on 127.0.0.1:39743
1615518579960	mozrunner::runner	INFO	Running command: "/usr/bin/firefox" "--marionette" "-foreground" "-no-remote" "-profile" "/tmp/rust_mozprofileK6YIHK"
console.warn: SearchSettings: "get: No settings file exists, new profile?" (new Error("", "(unknown module)"))
console.error: Region.jsm: "Error fetching region" (new TypeError("NetworkError when attempting to fetch resource.", ""))
console.error: Region.jsm: "Failed to fetch region" (new Error("NO_RESULT", "resource://gre/modules/Region.jsm", 422))
1615518581948	Marionette	INFO	Listening on port 45589
1615518581986	Marionette	WARN	TLS certificate errors will be ignored for this session
JavaScript error: http://mir.com/static/mir.min.js?v=2.1.0, line 10: ReferenceError: menusection is not defined
JavaScript error: http://mir.com/static/mir.min.js?v=2.1.0, line 10: TypeError: document.getElementById(...) is null
JavaScript error: http://mir.com/static/mir.min.js?v=2.1.0, line 10: TypeError: document.getElementById(...) is null
1615518617586	geckodriver	INFO	Listening on 127.0.0.1:56907
1615518617589	mozrunner::runner	INFO	Running command: "/usr/bin/firefox" "--marionette" "-foreground" "-no-remote" "-profile" "/tmp/rust_mozprofileYsEdxb"
console.warn: SearchSettings: "get: No settings file exists, new profile?" (new Error("", "(unknown module)"))
console.error: Region.jsm: "Error fetching region" (new TypeError("NetworkError when attempting to fetch resource.", ""))
console.error: Region.jsm: "Failed to fetch region" (new Error("NO_RESULT", "resource://gre/modules/Region.jsm", 422))
1615518619550	Marionette	INFO	Listening on port 39599
1615518619613	Marionette	WARN	TLS certificate errors will be ignored for this session
JavaScript error: http://mir.com/static/mir.min.js?v=2.1.0, line 10: ReferenceError: menusection is not defined
JavaScript error: http://mir.com/static/mir.min.js?v=2.1.0, line 10: TypeError: document.getElementById(...) is null
JavaScript error: http://mir.com/static/mir.min.js?v=2.1.0, line 10: TypeError: document.getElementById(...) is null
JavaScript error: http://mir.com/static/mir.min.js?v=2.1.0, line 10: TypeError: document.getElementById(...) is null
1615518747412	addons.xpi	ERROR	System addon update list error Error: Failed downloading XML, status: 0, reason: error
1615518816828	addons.xpi	ERROR	System addon update list error Error: Failed downloading XML, status: 0, reason: error
1615518970406	addons.xpi	ERROR	System addon update list error Error: Failed downloading XML, status: 0, reason: error
console.error: Region.jsm: "Error fetching region" (new TypeError("NetworkError when attempting to fetch resource.", ""))
console.error: Region.jsm: "Failed to fetch region" (new Error("NO_RESULT", "resource://gre/modules/Region.jsm", 422))
1615519008094	addons.xpi	ERROR	System addon update list error Error: Failed downloading XML, status: 0, reason: error
console.error: Region.jsm: "Error fetching region" (new TypeError("NetworkError when attempting to fetch resource.", ""))
console.error: Region.jsm: "Failed to fetch region" (new Error("NO_RESULT", "resource://gre/modules/Region.jsm", 422))
console.error: Region.jsm: "Error fetching region" (new TypeError("NetworkError when attempting to fetch resource.", ""))
console.error: Region.jsm: "Failed to fetch region" (new Error("NO_RESULT", "resource://gre/modules/Region.jsm", 422))
console.error: Region.jsm: "Error fetching region" (new TypeError("NetworkError when attempting to fetch resource.", ""))
console.error: Region.jsm: "Failed to fetch region" (new Error("NO_RESULT", "resource://gre/modules/Region.jsm", 422))
console.error: Region.jsm: "Error fetching region" (new TypeError("NetworkError when attempting to fetch resource.", ""))
console.error: Region.jsm: "Failed to fetch region" (new Error("NO_RESULT", "resource://gre/modules/Region.jsm", 422))
console.error: Region.jsm: "Error fetching region" (new TypeError("NetworkError when attempting to fetch resource.", ""))
console.error: Region.jsm: "Failed to fetch region" (new Error("NO_RESULT", "resource://gre/modules/Region.jsm", 422))
console.error: Region.jsm: "Error fetching region" (new TypeError("NetworkError when attempting to fetch resource.", ""))
console.error: Region.jsm: "Failed to fetch region" (new Error("NO_RESULT", "resource://gre/modules/Region.jsm", 422))
console.error: Region.jsm: "Error fetching region" (new TypeError("NetworkError when attempting to fetch resource.", ""))
console.error: Region.jsm: "Failed to fetch region" (new Error("NO_RESULT", "resource://gre/modules/Region.jsm", 422))
